<?xml version="1.0" encoding="UTF-8"?>
<!-- Generated by org.testng.reporters.JUnitXMLReporter -->
<testsuite ignored="0" hostname="DESKTOP-1VMS04J" failures="0" tests="10" name="Test" time="25.748" errors="0" timestamp="2024-08-05T09:27:07 IST">
  <testcase classname="com.restfulbooker.restapi.tests.GetRequestTests" name="getBookingDetail" time="6.916"/>
  <testcase classname="com.restfulbooker.restapi.tests.GetRequestTests" name="getBookingsDetail" time="1.827"/>
  <testcase classname="com.restfulbooker.restapi.tests.PostRequestTests" name="createBookingTest" time="1.733"/>
  <testcase classname="com.restfulbooker.restapi.tests.PostRequestTests" name="createBookingWithExternalFile" time="1.557"/>
  <testcase classname="com.restfulbooker.restapi.tests.PostRequestTests" name="postRequestWithMultiplData" time="1.39"/>
  <testcase classname="com.restfulbooker.restapi.tests.PostRequestTests" name="postRequestWithMultiplData" time="1.373"/>
  <testcase classname="com.restfulbooker.restapi.tests.PostRequestTests" name="postRequestWithMultiplData" time="1.422"/>
  <testcase classname="com.restfulbooker.restapi.tests.PutRequestTest" name="updateBookingDetail" time="3.056"/>
  <testcase classname="com.restfulbooker.restapi.tests.PatchRequestTest" name="partialUpdateBookingDetail" time="2.968"/>
  <testcase classname="com.restfulbooker.restapi.tests.DeleteRequestTest" name="deleteBookingDetail" time="2.97"/>
</testsuite> <!-- Test -->
