<?xml version="1.0" encoding="UTF-8"?>
<!-- Generated by org.testng.reporters.JUnitXMLReporter -->
<testsuite ignored="0" hostname="DESKTOP-1VMS04J" failures="0" tests="10" name="Test" time="18.592" errors="0" timestamp="2024-08-05T10:12:46 IST">
  <testcase classname="com.restfulbooker.restapi.tests.GetRequestTests" name="getBookingDetail" time="5.394"/>
  <testcase classname="com.restfulbooker.restapi.tests.GetRequestTests" name="getBookingsDetail" time="1.025"/>
  <testcase classname="com.restfulbooker.restapi.tests.PostRequestTests" name="createBookingTest" time="1.334"/>
  <testcase classname="com.restfulbooker.restapi.tests.PostRequestTests" name="createBookingWithExternalFile" time="1.007"/>
  <testcase classname="com.restfulbooker.restapi.tests.PostRequestTests" name="postRequestWithMultiplData" time="1.039"/>
  <testcase classname="com.restfulbooker.restapi.tests.PostRequestTests" name="postRequestWithMultiplData" time="1.079"/>
  <testcase classname="com.restfulbooker.restapi.tests.PostRequestTests" name="postRequestWithMultiplData" time="1.006"/>
  <testcase classname="com.restfulbooker.restapi.tests.PutRequestTest" name="updateBookingDetail" time="2.052"/>
  <testcase classname="com.restfulbooker.restapi.tests.PatchRequestTest" name="partialUpdateBookingDetail" time="2.153"/>
  <testcase classname="com.restfulbooker.restapi.tests.DeleteRequestTest" name="deleteBookingDetail" time="2.067"/>
</testsuite> <!-- Test -->
