<?xml version="1.0" encoding="UTF-8"?>
<testng-results ignored="0" total="10" passed="10" failed="0" skipped="0">
  <reporter-output>
  </reporter-output>
  <suite started-at="2024-08-05T10:12:27 IST" name="Suite" finished-at="2024-08-05T10:12:46 IST" duration-ms="18592">
    <groups>
    </groups>
    <test started-at="2024-08-05T10:12:27 IST" name="Test" finished-at="2024-08-05T10:12:46 IST" duration-ms="18592">
      <class name="com.restfulbooker.restapi.tests.PutRequestTest">
        <test-method signature="updateBookingDetail()[pri:0, instance:com.restfulbooker.restapi.tests.PutRequestTest@6e171cd7]" started-at="2024-08-05T10:12:40 IST" name="updateBookingDetail" description="Validate updation of Booking detail using PUT request" finished-at="2024-08-05T10:12:42 IST" duration-ms="2052" status="PASS">
          <reporter-output>
          </reporter-output>
        </test-method> <!-- updateBookingDetail -->
      </class> <!-- com.restfulbooker.restapi.tests.PutRequestTest -->
      <class name="com.restfulbooker.restapi.tests.PatchRequestTest">
        <test-method signature="partialUpdateBookingDetail()[pri:0, instance:com.restfulbooker.restapi.tests.PatchRequestTest@402bba4f]" started-at="2024-08-05T10:12:42 IST" name="partialUpdateBookingDetail" description="Validate partial upadte of Booking Detail using PATCH request" finished-at="2024-08-05T10:12:44 IST" duration-ms="2153" status="PASS">
          <reporter-output>
          </reporter-output>
        </test-method> <!-- partialUpdateBookingDetail -->
      </class> <!-- com.restfulbooker.restapi.tests.PatchRequestTest -->
      <class name="com.restfulbooker.restapi.tests.GetRequestTests">
        <test-method signature="getBookingDetail()[pri:0, instance:com.restfulbooker.restapi.tests.GetRequestTests@1afd44cb]" started-at="2024-08-05T10:12:28 IST" name="getBookingDetail" description="Validate specific Booking detail based on BookingId using GET request" finished-at="2024-08-05T10:12:33 IST" duration-ms="5394" status="PASS">
          <reporter-output>
          </reporter-output>
        </test-method> <!-- getBookingDetail -->
        <test-method signature="getBookingsDetail()[pri:0, instance:com.restfulbooker.restapi.tests.GetRequestTests@1afd44cb]" started-at="2024-08-05T10:12:33 IST" name="getBookingsDetail" description="Validate all the Booking details are retrieved using GET request" finished-at="2024-08-05T10:12:34 IST" duration-ms="1025" status="PASS">
          <reporter-output>
          </reporter-output>
        </test-method> <!-- getBookingsDetail -->
      </class> <!-- com.restfulbooker.restapi.tests.GetRequestTests -->
      <class name="com.restfulbooker.restapi.tests.PostRequestTests">
        <test-method signature="createBookingTest()[pri:0, instance:com.restfulbooker.restapi.tests.PostRequestTests@498d318c]" started-at="2024-08-05T10:12:34 IST" name="createBookingTest" description="Validate creation of Booking detail on srver using POST request" finished-at="2024-08-05T10:12:36 IST" duration-ms="1334" status="PASS">
          <reporter-output>
          </reporter-output>
        </test-method> <!-- createBookingTest -->
        <test-method signature="createBookingWithExternalFile()[pri:0, instance:com.restfulbooker.restapi.tests.PostRequestTests@498d318c]" started-at="2024-08-05T10:12:36 IST" name="createBookingWithExternalFile" description="Validation creation of Booking detail using external file with POST request" finished-at="2024-08-05T10:12:37 IST" duration-ms="1007" status="PASS">
          <reporter-output>
          </reporter-output>
        </test-method> <!-- createBookingWithExternalFile -->
        <test-method signature="postRequestWithMultiplData(java.util.Map)[pri:0, instance:com.restfulbooker.restapi.tests.PostRequestTests@498d318c]" started-at="2024-08-05T10:12:37 IST" name="postRequestWithMultiplData" description="Validate creation of multiple Booking details using DataProvide with POST request" data-provider="dataProvider" finished-at="2024-08-05T10:12:38 IST" duration-ms="1039" status="PASS">
          <params>
            <param index="0">
              <value>
                <![CDATA[{firstname=sherrill, checkin=2024-08-01, totalPrice=1716, additionalNeeds=Alaskan pink shrimp for Dinner, depositpaid=true, checkout=2024-08-02, lastname=dach}]]>
              </value>
            </param>
          </params>
          <reporter-output>
          </reporter-output>
        </test-method> <!-- postRequestWithMultiplData -->
        <test-method signature="postRequestWithMultiplData(java.util.Map)[pri:0, instance:com.restfulbooker.restapi.tests.PostRequestTests@498d318c]" started-at="2024-08-05T10:12:38 IST" name="postRequestWithMultiplData" description="Validate creation of multiple Booking details using DataProvide with POST request" data-provider="dataProvider" finished-at="2024-08-05T10:12:39 IST" duration-ms="1079" status="PASS">
          <params>
            <param index="0">
              <value>
                <![CDATA[{firstname=dino, checkin=2024-08-03, totalPrice=1520, additionalNeeds=Crab for Dinner, depositpaid=true, checkout=2024-08-04, lastname=schroeder}]]>
              </value>
            </param>
          </params>
          <reporter-output>
          </reporter-output>
        </test-method> <!-- postRequestWithMultiplData -->
        <test-method signature="postRequestWithMultiplData(java.util.Map)[pri:0, instance:com.restfulbooker.restapi.tests.PostRequestTests@498d318c]" started-at="2024-08-05T10:12:39 IST" name="postRequestWithMultiplData" description="Validate creation of multiple Booking details using DataProvide with POST request" data-provider="dataProvider" finished-at="2024-08-05T10:12:40 IST" duration-ms="1006" status="PASS">
          <params>
            <param index="0">
              <value>
                <![CDATA[{firstname=jennifer, checkin=2024-08-05, totalPrice=4710, additionalNeeds=Japanese sea bass for Dinner, depositpaid=true, checkout=2024-08-06, lastname=kling}]]>
              </value>
            </param>
          </params>
          <reporter-output>
          </reporter-output>
        </test-method> <!-- postRequestWithMultiplData -->
      </class> <!-- com.restfulbooker.restapi.tests.PostRequestTests -->
      <class name="com.restfulbooker.restapi.tests.DeleteRequestTest">
        <test-method signature="deleteBookingDetail()[pri:0, instance:com.restfulbooker.restapi.tests.DeleteRequestTest@795cd85e]" started-at="2024-08-05T10:12:44 IST" name="deleteBookingDetail" description="Validate deletion Booking detail using DELETE request" finished-at="2024-08-05T10:12:46 IST" duration-ms="2067" status="PASS">
          <reporter-output>
          </reporter-output>
        </test-method> <!-- deleteBookingDetail -->
      </class> <!-- com.restfulbooker.restapi.tests.DeleteRequestTest -->
    </test> <!-- Test -->
  </suite> <!-- Suite -->
</testng-results>
