<?xml version="1.0" encoding="UTF-8"?>
<testsuite xmlns:xsi="http://www.w3.org/2001/XMLSchema-instance" xsi:noNamespaceSchemaLocation="https://maven.apache.org/surefire/maven-surefire-plugin/xsd/surefire-test-report.xsd" version="3.0.2" name="TestSuite" time="19.776" tests="10" errors="0" skipped="0" failures="0">
  <properties>
[...]
</properties>
  <testcase name="getBookingDetail" classname="com.restfulbooker.restapi.tests.GetRequestTests" time="5.394">
    <system-out><![CDATA[Request method:	POST
Request URI:	https://restful-booker.herokuapp.com/booking
Proxy:			<none>
Request params:	<none>
Query params:	<none>
Form params:	<none>
Path params:	<none>
Headers:		Accept=application/json
				Content-Type=application/json
Cookies:		<none>
Multiparts:		<none>
Body:
{
    "firstname": "leland",
    "lastname": "rodriguez",
    "totalprice": 1719,
    "depositpaid": true,
    "bookingdates": {
        "checkin": "2024-08-01",
        "checkout": "2024-08-10"
    },
    "additionalneeds": "Crab for Dinner"
}
Request method:	GET
Request URI:	https://restful-booker.herokuapp.com/booking/666
Proxy:			<none>
Request params:	<none>
Query params:	<none>
Form params:	<none>
Path params:	id=666
Headers:		Accept=*/*
				Content-Type=application/json
Cookies:		<none>
Multiparts:		<none>
Body:			<none>
]]></system-out>
    <system-err><![CDATA[SLF4J: Failed to load class "org.slf4j.impl.StaticLoggerBinder".
SLF4J: Defaulting to no-operation (NOP) logger implementation
SLF4J: See http://www.slf4j.org/codes.html#StaticLoggerBinder for further details.
]]></system-err>
  </testcase>
  <testcase name="getBookingsDetail" classname="com.restfulbooker.restapi.tests.GetRequestTests" time="1.025">
    <system-out><![CDATA[Request method:	GET
Request URI:	https://restful-booker.herokuapp.com/booking
Proxy:			<none>
Request params:	<none>
Query params:	<none>
Form params:	<none>
Path params:	<none>
Headers:		Accept=*/*
				Content-Type=application/json
Cookies:		<none>
Multiparts:		<none>
Body:			<none>
]]></system-out>
  </testcase>
  <testcase name="createBookingTest" classname="com.restfulbooker.restapi.tests.PostRequestTests" time="1.334">
    <system-out><![CDATA[Request method:	POST
Request URI:	https://restful-booker.herokuapp.com/booking
Proxy:			<none>
Request params:	<none>
Query params:	<none>
Form params:	<none>
Path params:	<none>
Headers:		Accept=application/json
				Content-Type=application/json
Cookies:		<none>
Multiparts:		<none>
Body:
{
    "firstname": "werner",
    "lastname": "kulas",
    "totalprice": 2937,
    "depositpaid": true,
    "bookingdates": {
        "checkin": "2024-08-05",
        "checkout": "2024-08-10"
    },
    "additionalneeds": "Bloody clam for Dinner"
}
]]></system-out>
  </testcase>
  <testcase name="createBookingWithExternalFile" classname="com.restfulbooker.restapi.tests.PostRequestTests" time="1.007">
    <system-out><![CDATA[Request method:	POST
Request URI:	https://restful-booker.herokuapp.com/booking
Proxy:			<none>
Request params:	<none>
Query params:	<none>
Form params:	<none>
Path params:	<none>
Headers:		Accept=application/json
				Content-Type=application/json
Cookies:		<none>
Multiparts:		<none>
Body:
{
    "firstname": "Mathew",
    "lastname": "Stewart",
    "totalprice": 152,
    "depositpaid": true,
    "bookingdates": {
        "checkin": "2024-09-01",
        "checkout": "2024-09-05"
    },
    "additionalneeds": "Breakfast"
}
]]></system-out>
  </testcase>
  <testcase name="postRequestWithMultiplData[{firstname=sherrill, checkin=2024-08-01, totalPrice=1716, additionalNeeds=Alaskan pink shrimp for Dinner, depositpaid=true, checkout=2024-08-02, lastname=dach}](1)" classname="com.restfulbooker.restapi.tests.PostRequestTests" time="1.039">
    <system-out><![CDATA[Request method:	POST
Request URI:	https://restful-booker.herokuapp.com/booking
Proxy:			<none>
Request params:	<none>
Query params:	<none>
Form params:	<none>
Path params:	<none>
Headers:		Accept=application/json
				Content-Type=application/json
Cookies:		<none>
Multiparts:		<none>
Body:
{
    "firstname": "sherrill",
    "lastname": "dach",
    "totalprice": 1716,
    "depositpaid": true,
    "bookingdates": {
        "checkin": "2024-08-01",
        "checkout": "2024-08-02"
    },
    "additionalneeds": "Alaskan pink shrimp for Dinner"
}
]]></system-out>
  </testcase>
  <testcase name="postRequestWithMultiplData[{firstname=dino, checkin=2024-08-03, totalPrice=1520, additionalNeeds=Crab for Dinner, depositpaid=true, checkout=2024-08-04, lastname=schroeder}](2)" classname="com.restfulbooker.restapi.tests.PostRequestTests" time="1.079">
    <system-out><![CDATA[Request method:	POST
Request URI:	https://restful-booker.herokuapp.com/booking
Proxy:			<none>
Request params:	<none>
Query params:	<none>
Form params:	<none>
Path params:	<none>
Headers:		Accept=application/json
				Content-Type=application/json
Cookies:		<none>
Multiparts:		<none>
Body:
{
    "firstname": "dino",
    "lastname": "schroeder",
    "totalprice": 1520,
    "depositpaid": true,
    "bookingdates": {
        "checkin": "2024-08-03",
        "checkout": "2024-08-04"
    },
    "additionalneeds": "Crab for Dinner"
}
]]></system-out>
  </testcase>
  <testcase name="postRequestWithMultiplData[{firstname=jennifer, checkin=2024-08-05, totalPrice=4710, additionalNeeds=Japanese sea bass for Dinner, depositpaid=true, checkout=2024-08-06, lastname=kling}](3)" classname="com.restfulbooker.restapi.tests.PostRequestTests" time="1.006">
    <system-out><![CDATA[Request method:	POST
Request URI:	https://restful-booker.herokuapp.com/booking
Proxy:			<none>
Request params:	<none>
Query params:	<none>
Form params:	<none>
Path params:	<none>
Headers:		Accept=application/json
				Content-Type=application/json
Cookies:		<none>
Multiparts:		<none>
Body:
{
    "firstname": "jennifer",
    "lastname": "kling",
    "totalprice": 4710,
    "depositpaid": true,
    "bookingdates": {
        "checkin": "2024-08-05",
        "checkout": "2024-08-06"
    },
    "additionalneeds": "Japanese sea bass for Dinner"
}
]]></system-out>
  </testcase>
  <testcase name="updateBookingDetail" classname="com.restfulbooker.restapi.tests.PutRequestTest" time="2.052">
    <system-out><![CDATA[Request method:	POST
Request URI:	https://restful-booker.herokuapp.com/booking
Proxy:			<none>
Request params:	<none>
Query params:	<none>
Form params:	<none>
Path params:	<none>
Headers:		Accept=application/json
				Content-Type=application/json
Cookies:		<none>
Multiparts:		<none>
Body:
{
    "firstname": "carroll",
    "lastname": "price",
    "totalprice": 2448,
    "depositpaid": true,
    "bookingdates": {
        "checkin": "2024-08-01",
        "checkout": "2024-08-03"
    },
    "additionalneeds": "Bastard halibut for Dinner"
}
Request method:	PUT
Request URI:	https://restful-booker.herokuapp.com/booking/752
Proxy:			<none>
Request params:	<none>
Query params:	<none>
Form params:	<none>
Path params:	id=752
Headers:		Accept=application/json
				Cookie=token=abc123
				Authorization=Basic YWRtaW46cGFzc3dvcmQxMjM=
				Content-Type=application/json
Cookies:		<none>
Multiparts:		<none>
Body:
{
    "firstname": "carroll",
    "lastname": "price",
    "totalprice": 2448,
    "depositpaid": true,
    "bookingdates": {
        "checkin": "2024-08-01",
        "checkout": "2024-08-03"
    },
    "additionalneeds": "Mackerel for Dinner"
}
]]></system-out>
  </testcase>
  <testcase name="partialUpdateBookingDetail" classname="com.restfulbooker.restapi.tests.PatchRequestTest" time="2.152">
    <system-out><![CDATA[Request method:	POST
Request URI:	https://restful-booker.herokuapp.com/booking
Proxy:			<none>
Request params:	<none>
Query params:	<none>
Form params:	<none>
Path params:	<none>
Headers:		Accept=application/json
				Content-Type=application/json
Cookies:		<none>
Multiparts:		<none>
Body:
{
    "firstname": "sue",
    "lastname": "hessel",
    "totalprice": 3783,
    "depositpaid": false,
    "bookingdates": {
        "checkin": "2024-08-05",
        "checkout": "2024-08-07"
    },
    "additionalneeds": "Japanese spanish mackerel for Dinner"
}
Request method:	PATCH
Request URI:	https://restful-booker.herokuapp.com/booking/764
Proxy:			<none>
Request params:	<none>
Query params:	<none>
Form params:	<none>
Path params:	id=764
Headers:		Accept=application/json
				Cookie=token=abc123
				Authorization=Basic YWRtaW46cGFzc3dvcmQxMjM=
				Content-Type=application/json
Cookies:		<none>
Multiparts:		<none>
Body:
{
    "firstname": "grisel",
    "lastname": "greenfelder",
    "totalprice": 3783,
    "depositpaid": true,
    "bookingdates": {
        "checkin": "2024-08-05",
        "checkout": "2024-08-07"
    },
    "additionalneeds": "Japanese spanish mackerel for Dinner"
}
]]></system-out>
  </testcase>
  <testcase name="deleteBookingDetail" classname="com.restfulbooker.restapi.tests.DeleteRequestTest" time="2.065">
    <system-out><![CDATA[Request method:	POST
Request URI:	https://restful-booker.herokuapp.com/booking
Proxy:			<none>
Request params:	<none>
Query params:	<none>
Form params:	<none>
Path params:	<none>
Headers:		Accept=application/json
				Content-Type=application/json
Cookies:		<none>
Multiparts:		<none>
Body:
{
    "firstname": "scotty",
    "lastname": "dibbert",
    "totalprice": 4433,
    "depositpaid": true,
    "bookingdates": {
        "checkin": "2024-08-06",
        "checkout": "2024-08-10"
    },
    "additionalneeds": "Salmon roe for Dinner"
}
Request method:	DELETE
Request URI:	https://restful-booker.herokuapp.com/booking/788
Proxy:			<none>
Request params:	<none>
Query params:	<none>
Form params:	<none>
Path params:	id=788
Headers:		Accept=application/json
				Cookie=token=abc123
				Authorization=Basic YWRtaW46cGFzc3dvcmQxMjM=
				Content-Type=application/json
Cookies:		<none>
Multiparts:		<none>
Body:			<none>
]]></system-out>
  </testcase>
</testsuite>